<?xml version="1.0" encoding="UTF-8"?>
<!-- Generated by org.testng.reporters.JUnitReportReporter -->
<testsuite name="example1.WebTableHandle" tests="1" time="18.150" ignored="0" failures="0" timestamp="22 Nov 2017 18:33:09 GMT" skipped="0" hostname="bibek-PC" errors="0">
  <testcase name="webtable" time="18.150" classname="example1.WebTableHandle"/>
</testsuite> <!-- example1.WebTableHandle -->
