<?xml version="1.0" encoding="UTF-8"?>
<!-- Generated by org.testng.reporters.JUnitReportReporter -->
<testsuite name="example1.ClassTest1" tests="1" time="7.679" ignored="0" failures="0" timestamp="20 Dec 2017 05:27:57 GMT" skipped="0" hostname="bibek-PC" errors="0">
  <testcase name="sucess" time="7.679" classname="example1.ClassTest1"/>
</testsuite> <!-- example1.ClassTest1 -->
